e:\basicstudy\designpatterns\designpatterns\temp\debug\abstractfactoryandsingletion\vc120.pdb
e:\basicstudy\designpatterns\designpatterns\temp\debug\abstractfactoryandsingletion\vc120.idb
e:\basicstudy\designpatterns\designpatterns\temp\debug\abstractfactoryandsingletion\bombeddoor.obj
e:\basicstudy\designpatterns\designpatterns\temp\debug\abstractfactoryandsingletion\bombedmaze.obj
e:\basicstudy\designpatterns\designpatterns\temp\debug\abstractfactoryandsingletion\bombedmazefactory.obj
e:\basicstudy\designpatterns\designpatterns\temp\debug\abstractfactoryandsingletion\bombedroom.obj
e:\basicstudy\designpatterns\designpatterns\temp\debug\abstractfactoryandsingletion\bombedwall.obj
e:\basicstudy\designpatterns\designpatterns\temp\debug\abstractfactoryandsingletion\door.obj
e:\basicstudy\designpatterns\designpatterns\temp\debug\abstractfactoryandsingletion\enchanteddoor.obj
e:\basicstudy\designpatterns\designpatterns\temp\debug\abstractfactoryandsingletion\enchantedmaze.obj
e:\basicstudy\designpatterns\designpatterns\temp\debug\abstractfactoryandsingletion\enchantedmazefactory.obj
e:\basicstudy\designpatterns\designpatterns\temp\debug\abstractfactoryandsingletion\enchantedroom.obj
e:\basicstudy\designpatterns\designpatterns\temp\debug\abstractfactoryandsingletion\enchantedwall.obj
e:\basicstudy\designpatterns\designpatterns\temp\debug\abstractfactoryandsingletion\main.obj
e:\basicstudy\designpatterns\designpatterns\temp\debug\abstractfactoryandsingletion\maze.obj
e:\basicstudy\designpatterns\designpatterns\temp\debug\abstractfactoryandsingletion\room.obj
e:\basicstudy\designpatterns\designpatterns\temp\debug\abstractfactoryandsingletion\wall.obj
e:\basicstudy\designpatterns\designpatterns\temp\debug\abstractfactoryandsingletion\mazegame.obj
e:\basicstudy\designpatterns\designpatterns\temp\debug\abstractfactoryandsingletion\abstractfactoryandsingletion.ilk
e:\basicstudy\designpatterns\designpatterns\temp\debug\abstractfactoryandsingletion\abstractfactoryandsingletion.exe
e:\basicstudy\designpatterns\designpatterns\temp\debug\abstractfactoryandsingletion\abstractfactoryandsingletion.pdb
e:\basicstudy\designpatterns\designpatterns\solution\..\temp\debug\abstractfactoryandsingletion\abstractfactoryandsingletion.pdb
e:\basicstudy\designpatterns\designpatterns\solution\..\temp\debug\abstractfactoryandsingletion\abstractfactoryandsingletion.exe
e:\basicstudy\designpatterns\designpatterns\solution\..\temp\debug\abstractfactoryandsingletion\abstractfactoryandsingletion.ilk
e:\basicstudy\designpatterns\designpatterns\temp\debug\abstractfactoryandsingletion\abstract.dba3797d.tlog\cl.command.1.tlog
e:\basicstudy\designpatterns\designpatterns\temp\debug\abstractfactoryandsingletion\abstract.dba3797d.tlog\cl.read.1.tlog
e:\basicstudy\designpatterns\designpatterns\temp\debug\abstractfactoryandsingletion\abstract.dba3797d.tlog\cl.write.1.tlog
e:\basicstudy\designpatterns\designpatterns\temp\debug\abstractfactoryandsingletion\abstract.dba3797d.tlog\link.command.1.tlog
e:\basicstudy\designpatterns\designpatterns\temp\debug\abstractfactoryandsingletion\abstract.dba3797d.tlog\link.read.1.tlog
e:\basicstudy\designpatterns\designpatterns\temp\debug\abstractfactoryandsingletion\abstract.dba3797d.tlog\link.write.1.tlog
