Build started 2020/11/27 17:23:17.
     1>Project "E:\BasicStudy\DesignPatterns\DesignPatterns\src\Mediator\Mediator.vcxproj" on node 2 (Build target(s)).
     1>ClCompile:
         C:\ZWSWorkSpace\Microsoft Visual Studio 12.0\VC\bin\CL.exe /c /I"C:\ZSoftWare\Visual Leak Detector\include" /ZI /nologo /W3 /WX- /sdl /Od /Oy- /D _MBCS /Gm /EHsc /RTC1 /MDd /GS /fp:precise /Zc:wchar_t /Zc:forScope /Fo"Debug\\" /Fd"Debug\vc120.pdb" /Gd /TP /analyze- /errorReport:prompt AbstractDataBase.cpp AbstractMediator.cpp MysqlDataBase.cpp OracleDataBase.cpp RedisDataBase.cpp Source.cpp SyncMediator.cpp
         SyncMediator.cpp
         Source.cpp
         AbstractMediator.cpp
         Generating Code...
         Skipping... (no relevant changes detected)
         RedisDataBase.cpp
         OracleDataBase.cpp
         MysqlDataBase.cpp
         AbstractDataBase.cpp
       Link:
         C:\ZWSWorkSpace\Microsoft Visual Studio 12.0\VC\bin\link.exe /ERRORREPORT:PROMPT /OUT:"E:\BasicStudy\DesignPatterns\DesignPatterns\solution\Debug\Mediator.exe" /INCREMENTAL /NOLOGO /LIBPATH:"C:\ZSoftWare\Visual Leak Detector\lib\Win32" kernel32.lib user32.lib gdi32.lib winspool.lib comdlg32.lib advapi32.lib shell32.lib ole32.lib oleaut32.lib uuid.lib odbc32.lib odbccp32.lib /MANIFEST /MANIFESTUAC:"level='asInvoker' uiAccess='false'" /manifest:embed /DEBUG /PDB:"E:\BasicStudy\DesignPatterns\DesignPatterns\solution\Debug\Mediator.pdb" /TLBID:1 /DYNAMICBASE /NXCOMPAT /IMPLIB:"E:\BasicStudy\DesignPatterns\DesignPatterns\solution\Debug\Mediator.lib" /MACHINE:X86 Debug\AbstractDataBase.obj
         Debug\AbstractMediator.obj
         Debug\MysqlDataBase.obj
         Debug\OracleDataBase.obj
         Debug\RedisDataBase.obj
         Debug\Source.obj
         Debug\SyncMediator.obj
         Mediator.vcxproj -> E:\BasicStudy\DesignPatterns\DesignPatterns\solution\Debug\Mediator.exe
     1>Done Building Project "E:\BasicStudy\DesignPatterns\DesignPatterns\src\Mediator\Mediator.vcxproj" (Build target(s)).

Build succeeded.

Time Elapsed 00:00:01.19
